<?xml version="1.0" encoding="UTF-8"?>
<!-- Generated by org.testng.reporters.JUnitReportReporter -->
<testsuite hostname="DESKTOP-J833GHP" failures="0" tests="3" name="test.Classtest3" time="0.008" errors="0" timestamp="2022-01-05T14:28:07 CET" skipped="0">
  <testcase classname="test.Classtest3" name="WebloginCarLoan" time="0.002"/>
  <system-out/>
  <testcase classname="test.Classtest3" name="LoginAPIcarLoan" time="0.002"/>
  <system-out/>
  <testcase classname="test.Classtest3" name="MobileLiginCarLoan" time="0.004"/>
  <system-out/>
</testsuite> <!-- test.Classtest3 -->
