<?xml version="1.0" encoding="UTF-8"?>
<!-- Generated by org.testng.reporters.JUnitReportReporter -->
<testsuite hostname="DESKTOP-J833GHP" failures="0" tests="2" name="test.Classtest1" time="0.008" errors="0" timestamp="2022-01-05T15:37:10 CET" skipped="0">
  <testcase classname="test.Classtest1" name="Demo" time="0.007"/>
  <system-out/>
  <testcase classname="test.Classtest1" name="SecondTest" time="0.001"/>
  <system-out/>
</testsuite> <!-- test.Classtest1 -->
