<?xml version="1.0" encoding="UTF-8"?>
<!-- Generated by org.testng.reporters.JUnitReportReporter -->
<testsuite hostname="DESKTOP-J833GHP" failures="0" tests="1" name="test.Classtest4" time="0.015" errors="0" timestamp="2022-01-05T15:28:00 CET" skipped="0">
  <testcase classname="test.Classtest4" name="MobileLiginCarLoan" time="0.015"/>
  <system-out/>
</testsuite> <!-- test.Classtest4 -->
