<?xml version="1.0" encoding="UTF-8"?>
<!-- Generated by org.testng.reporters.JUnitReportReporter -->
<testsuite hostname="DESKTOP-J833GHP" failures="0" tests="3" name="test.Classtest4" time="0.016" errors="0" timestamp="2022-01-06T15:43:06 CET" skipped="0">
  <testcase classname="test.Classtest4" name="MobileLiginCarLoan" time="0.007"/>
  <system-out/>
  <testcase classname="test.Classtest4" name="WebloginCarLoan" time="0.005"/>
  <system-out/>
  <testcase classname="test.Classtest4" name="LoginAPIcarLoan" time="0.004"/>
  <system-out/>
</testsuite> <!-- test.Classtest4 -->
