<?xml version="1.0" encoding="UTF-8"?>
<!-- Generated by org.testng.reporters.JUnitReportReporter -->
<testsuite hostname="DESKTOP-J833GHP" failures="0" tests="2" name="test.Classtest4" time="0.003" errors="0" timestamp="2022-01-05T15:37:10 CET" skipped="0">
  <testcase classname="test.Classtest4" name="WebloginCarLoan" time="0.001"/>
  <system-out/>
  <testcase classname="test.Classtest4" name="LoginAPIcarLoan" time="0.002"/>
  <system-out/>
</testsuite> <!-- test.Classtest4 -->
