<?xml version="1.0" encoding="UTF-8"?>
<!-- Generated by org.testng.reporters.JUnitReportReporter -->
<testsuite hostname="DESKTOP-J833GHP" failures="0" tests="5" name="test.Classtest3" time="0.028" errors="0" timestamp="2022-01-06T14:54:32 CET" skipped="1">
  <testcase classname="test.Classtest3" name="LoginAPIcarLoan" time="0.009"/>
  <system-out/>
  <testcase classname="test.Classtest3" name="LoginAPIcarLoan" time="0.006"/>
  <system-out/>
  <testcase classname="test.Classtest3" name="LoginAPIcarLoan" time="0.008"/>
  <system-out/>
  <testcase classname="test.Classtest3" name="WebloginCarLoan" time="0.005"/>
  <system-out/>
  <testcase classname="test.Classtest3" name="Mobiledata">
    <skipped/>
  </testcase> <!-- Mobiledata -->
  <system-out/>
</testsuite> <!-- test.Classtest3 -->
