<?xml version="1.0" encoding="UTF-8"?>
<!-- Generated by org.testng.reporters.JUnitReportReporter -->
<testsuite hostname="DESKTOP-J833GHP" failures="0" tests="3" name="test.Classtest3" time="0.018" errors="0" timestamp="2022-01-06T14:23:02 CET" skipped="1">
  <testcase classname="test.Classtest3" name="WebloginCarLoan" time="0.003"/>
  <system-out/>
  <testcase classname="test.Classtest3" name="LoginAPIcarLoan" time="0.015"/>
  <system-out/>
  <testcase classname="test.Classtest3" name="Mobiledata">
    <skipped/>
  </testcase> <!-- Mobiledata -->
  <system-out/>
</testsuite> <!-- test.Classtest3 -->
