<?xml version="1.0" encoding="UTF-8"?>
<!-- Generated by org.testng.reporters.JUnitReportReporter -->
<testsuite hostname="DESKTOP-J833GHP" failures="0" tests="2" name="test.Classtest2" time="0.012" errors="0" timestamp="2022-01-06T15:51:20 CET" skipped="0">
  <testcase classname="test.Classtest2" name="LoginAPIcarLoan" time="0.010"/>
  <system-out/>
  <testcase classname="test.Classtest2" name="WebloginCarLoan" time="0.002"/>
  <system-out/>
</testsuite> <!-- test.Classtest2 -->
