<?xml version="1.0" encoding="UTF-8"?>
<!-- Generated by org.testng.reporters.JUnitReportReporter -->
<testsuite hostname="DESKTOP-J833GHP" failures="0" tests="2" name="test.Classtest2" time="0.007" errors="0" timestamp="2022-01-05T14:28:07 CET" skipped="0">
  <testcase classname="test.Classtest2" name="LoginAPIcarLoan" time="0.001"/>
  <system-out/>
  <testcase classname="test.Classtest2" name="WebloginCarLoan" time="0.006"/>
  <system-out/>
</testsuite> <!-- test.Classtest2 -->
